2024-10-23 20:02:48,231 - INFO - Starting Suno Bot
2024-10-23 20:02:48,232 - INFO - Starting processing for theme: CRYPTO
2024-10-23 20:02:48,995 - ERROR - Fatal error: BrowserType.launch: 
╔══════════════════════════════════════════════════════╗
║ Host system is missing dependencies to run browsers. ║
║ Missing libraries:                                   ║
║     libnss3.so                                       ║
║     libnssutil3.so                                   ║
║     libsmime3.so                                     ║
║     libnspr4.so                                      ║
║     libcups.so.2                                     ║
║     libdrm.so.2                                      ║
║     libexpat.so.1                                    ║
║     libxcb.so.1                                      ║
║     libxkbcommon.so.0                                ║
║     libXcomposite.so.1                               ║
║     libXdamage.so.1                                  ║
║     libXfixes.so.3                                   ║
║     libpango-1.0.so.0                                ║
║     libcairo.so.2                                    ║
║     libudev.so.1                                     ║
╚══════════════════════════════════════════════════════╝
