2024-10-23 19:56:46,513 - INFO - Starting Suno Bot
2024-10-23 19:56:46,513 - INFO - Starting processing for theme: CRYPTO
2024-10-23 19:56:47,280 - ERROR - Fatal error: BrowserType.launch: 
╔══════════════════════════════════════════════════════╗
║ Host system is missing dependencies to run browsers. ║
║ Please install them with the following command:      ║
║                                                      ║
║     sudo playwright install-deps                     ║
║                                                      ║
║ Alternatively, use apt:                              ║
║     sudo apt-get install libxcb-shm0\                ║
║         libxcb1\                                     ║
║         libxcomposite1\                              ║
║         libxdamage1\                                 ║
║         libxfixes3\                                  ║
║         libpangocairo-1.0-0\                         ║
║         libpango-1.0-0\                              ║
║         libcairo-gobject2\                           ║
║         libcairo2\                                   ║
║         libgdk-pixbuf2.0-0\                          ║
║         libxrender1\                                 ║
║         libfreetype6\                                ║
║         libfontconfig1                               ║
║                                                      ║
║ <3 Playwright Team                                   ║
╚══════════════════════════════════════════════════════╝
