2024-10-23 20:14:47,667 - INFO - Starting Udio Bot
2024-10-23 20:14:47,668 - INFO - Starting processing for theme: CRYPTO
2024-10-23 20:14:47,668 - INFO - ====== WebDriver manager ======
2024-10-23 20:14:47,703 - INFO - Get LATEST chromedriver version for google-chrome
2024-10-23 20:14:47,763 - INFO - About to download new driver from https://chromedriver.storage.googleapis.com/114.0.5735.90/chromedriver_linux64.zip
2024-10-23 20:14:47,840 - INFO - Driver downloading response is 200
2024-10-23 20:14:47,899 - INFO - Starting Udio Bot
2024-10-23 20:14:47,899 - INFO - Starting processing for theme: CRYPTO
2024-10-23 20:14:47,900 - INFO - ====== WebDriver manager ======
2024-10-23 20:14:47,923 - INFO - Get LATEST chromedriver version for google-chrome
2024-10-23 20:14:47,935 - INFO - Get LATEST chromedriver version for google-chrome
2024-10-23 20:14:48,001 - INFO - About to download new driver from https://chromedriver.storage.googleapis.com/114.0.5735.90/chromedriver_linux64.zip
2024-10-23 20:14:48,066 - INFO - Driver downloading response is 200
2024-10-23 20:14:48,107 - INFO - Get LATEST chromedriver version for google-chrome
2024-10-23 20:14:48,134 - INFO - Get LATEST chromedriver version for google-chrome
2024-10-23 20:14:48,183 - INFO - Driver has been saved in cache [/home/runner/.wdm/drivers/chromedriver/linux64/114.0.5735.90]
2024-10-23 20:14:48,197 - ERROR - Fatal error: Message: Service /home/runner/.wdm/drivers/chromedriver/linux64/114.0.5735.90/chromedriver unexpectedly exited. Status code was: 127

2024-10-23 20:14:48,302 - INFO - Get LATEST chromedriver version for google-chrome
2024-10-23 20:14:48,374 - INFO - Driver has been saved in cache [/home/runner/.wdm/drivers/chromedriver/linux64/114.0.5735.90]
2024-10-23 20:14:48,388 - ERROR - Fatal error: Message: Service /home/runner/.wdm/drivers/chromedriver/linux64/114.0.5735.90/chromedriver unexpectedly exited. Status code was: 127

